Arguments: 
  /home/aslam/.nvm/versions/node/v8.9.3/bin/node /home/aslam/.nvm/versions/node/v8.9.3/bin/yarn run build

PATH: 
  /home/aslam/.nvm/versions/node/v8.9.3/bin:/home/aslam/.yarn/bin:/home/aslam/.config/yarn/global/node_modules/.bin:/home/aslam/bin:/home/aslam/.local/bin:/usr/local/sbin:/usr/local/bin:/usr/sbin:/usr/bin:/sbin:/bin:/usr/games:/usr/local/games:/snap/bin

Yarn version: 
  1.3.2

Node version: 
  8.9.3

Platform: 
  linux x64

npm manifest: 
  {
    "name": "graphqlcache-server",
    "version": "1.0.3",
    "description": "",
    "main": "index.js",
    "scripts": {
      "test": "echo \"Error: no test specified\" && exit 1",
      "build": "babel src --out-dir out",
      "prepublish": "npm run build"
    },
    "keywords": [
      "cache",
      "graphql",
      "redis",
      "store",
      "ttl"
    ],
    "author": "Aslam <aslam.iiitb407@gmail.com>",
    "license": "MIT",
    "dependencies": {
      "cacheman": "^2.2.1",
      "composable-middleware": "^0.3.0",
      "express-interceptor": "^1.2.0",
      "sha1": "^1.1.1"
    },
    "devDependencies": {
      "babel-cli": "^6.26.0",
      "babel-preset-es2015": "^6.24.1",
    },
    "repository": {
      "type": "git",
      "url": "https://github.com/aslam7/graphqlcache.git"
    },
    "bugs": {
      "url": "https://github.com/aslam7/graphqlcache/issues"
    },
    "homepage": "https://github.com/aslam7/graphqlcache"
  }

yarn manifest: 
  No manifest

Lockfile: 
  # THIS IS AN AUTOGENERATED FILE. DO NOT EDIT THIS FILE DIRECTLY.
  # yarn lockfile v1
  
  
  cacheman-memory@^1.0.2:
    version "1.1.0"
    resolved "https://registry.yarnpkg.com/cacheman-memory/-/cacheman-memory-1.1.0.tgz#05047af17f31bfa5286b363f096089f3cd88da7d"
    dependencies:
      lru-cache "~4.1.x"
  
  cacheman@^2.2.1:
    version "2.2.1"
    resolved "https://registry.yarnpkg.com/cacheman/-/cacheman-2.2.1.tgz#3510c0def12429d61b780128ff18f9d284bb02b8"
    dependencies:
      cacheman-memory "^1.0.2"
      ms "^0.7.1"
  
  "charenc@>= 0.0.1":
    version "0.0.2"
    resolved "https://registry.yarnpkg.com/charenc/-/charenc-0.0.2.tgz#c0a1d2f3a7092e03774bfa83f14c0fc5790a8667"
  
  composable-middleware@^0.3.0:
    version "0.3.0"
    resolved "https://registry.yarnpkg.com/composable-middleware/-/composable-middleware-0.3.0.tgz#258c9462e9d0e9e32133f7260ee25159d0dbbe09"
  
  "crypt@>= 0.0.1":
    version "0.0.2"
    resolved "https://registry.yarnpkg.com/crypt/-/crypt-0.0.2.tgz#88d7ff7ec0dfb86f713dc87bbb42d044d3e6c41b"
  
  debug@^2.2.0:
    version "2.6.9"
    resolved "https://registry.yarnpkg.com/debug/-/debug-2.6.9.tgz#5d128515df134ff327e90a4c93f4e077a536341f"
    dependencies:
      ms "2.0.0"
  
  express-interceptor@^1.2.0:
    version "1.2.0"
    resolved "https://registry.yarnpkg.com/express-interceptor/-/express-interceptor-1.2.0.tgz#33460a8e11dce7e5a022caf555d377e45ddb822a"
    dependencies:
      debug "^2.2.0"
  
  lru-cache@~4.1.x:
    version "4.1.5"
    resolved "https://registry.yarnpkg.com/lru-cache/-/lru-cache-4.1.5.tgz#8bbe50ea85bed59bc9e33dcab8235ee9bcf443cd"
    dependencies:
      pseudomap "^1.0.2"
      yallist "^2.1.2"
  
  ms@2.0.0:
    version "2.0.0"
    resolved "https://registry.yarnpkg.com/ms/-/ms-2.0.0.tgz#5608aeadfc00be6c2901df5f9861788de0d597c8"
  
  ms@^0.7.1:
    version "0.7.3"
    resolved "https://registry.yarnpkg.com/ms/-/ms-0.7.3.tgz#708155a5e44e33f5fd0fc53e81d0d40a91be1fff"
  
  pseudomap@^1.0.2:
    version "1.0.2"
    resolved "https://registry.yarnpkg.com/pseudomap/-/pseudomap-1.0.2.tgz#f052a28da70e618917ef0a8ac34c1ae5a68286b3"
  
  sha1@^1.1.1:
    version "1.1.1"
    resolved "https://registry.yarnpkg.com/sha1/-/sha1-1.1.1.tgz#addaa7a93168f393f19eb2b15091618e2700f848"
    dependencies:
      charenc ">= 0.0.1"
      crypt ">= 0.0.1"
  
  yallist@^2.1.2:
    version "2.1.2"
    resolved "https://registry.yarnpkg.com/yallist/-/yallist-2.1.2.tgz#1c11f9218f076089a47dd512f93c6699a6a81d52"

Trace: 
  SyntaxError: /home/aslam/graphqlcache/package.json: Unexpected token } in JSON at position 645
      at JSON.parse (<anonymous>)
      at /home/aslam/.nvm/versions/node/v8.9.3/lib/node_modules/yarn/lib/cli.js:770:59
      at Generator.next (<anonymous>)
      at step (/home/aslam/.nvm/versions/node/v8.9.3/lib/node_modules/yarn/lib/cli.js:92:30)
      at /home/aslam/.nvm/versions/node/v8.9.3/lib/node_modules/yarn/lib/cli.js:103:13
      at <anonymous>
